2017-08-26 03:48:05,200 INFO  [org.hibernate.jpa.internal.util.LogHelper] HHH000204: Processing PersistenceUnitInfo [
	name: PedidoPU
	...]
2017-08-26 03:48:05,564 INFO  [org.hibernate.Version] HHH000412: Hibernate Core {5.2.10.Final}
2017-08-26 03:48:05,567 INFO  [org.hibernate.cfg.Environment] HHH000206: hibernate.properties not found
2017-08-26 03:48:05,801 INFO  [org.hibernate.annotations.common.Version] HCANN000001: Hibernate Commons Annotations {5.0.1.Final}
2017-08-26 03:48:06,362 INFO  [org.hibernate.engine.jdbc.connections.internal.ConnectionProviderInitiator] HHH000130: Instantiating explicit connection provider: org.hibernate.connection.C3P0ConnectionProvider
2017-08-26 03:48:06,369 INFO  [org.hibernate.c3p0.internal.C3P0ConnectionProvider] HHH010002: C3P0 using driver: com.mysql.jdbc.Driver at URL: jdbc:mysql://localhost/bdp_pedido
2017-08-26 03:48:06,370 INFO  [org.hibernate.c3p0.internal.C3P0ConnectionProvider] HHH10001001: Connection properties: {user=root, password=****}
2017-08-26 03:48:06,370 INFO  [org.hibernate.c3p0.internal.C3P0ConnectionProvider] HHH10001003: Autocommit mode: false
2017-08-26 03:48:06,678 INFO  [org.hibernate.c3p0.internal.C3P0ConnectionProvider] HHH10001007: JDBC isolation level: <unknown>
2017-08-26 03:48:07,479 INFO  [org.hibernate.dialect.Dialect] HHH000400: Using dialect: org.hibernate.dialect.MySQL5Dialect
2017-08-26 03:48:07,590 INFO  [org.hibernate.engine.jdbc.env.internal.LobCreatorBuilderImpl] HHH000424: Disabling contextual LOB creation as createClob() method threw error : java.lang.reflect.InvocationTargetException
2017-08-26 03:48:08,458 INFO  [org.hibernate.validator.internal.util.Version] HV000001: Hibernate Validator 6.0.2.Final
2017-08-26 03:48:08,854 INFO  [org.hibernate.orm.connections.access] HHH10001501: Connection obtained from JdbcConnectionAccess [org.hibernate.engine.jdbc.env.internal.JdbcEnvironmentInitiator$ConnectionProviderJdbcConnectionAccess@41c07648] for (non-JTA) DDL execution was not in auto-commit mode; the Connection 'local transaction' will be committed and the Connection will be set into auto-commit mode.
2017-08-26 03:48:08,878 INFO  [org.hibernate.orm.connections.access] HHH10001501: Connection obtained from JdbcConnectionAccess [org.hibernate.engine.jdbc.env.internal.JdbcEnvironmentInitiator$ConnectionProviderJdbcConnectionAccess@58a55449] for (non-JTA) DDL execution was not in auto-commit mode; the Connection 'local transaction' will be committed and the Connection will be set into auto-commit mode.
2017-08-26 03:48:09,103 INFO  [org.hibernate.tool.schema.internal.SchemaCreatorImpl] HHH000476: Executing import script 'org.hibernate.tool.schema.internal.exec.ScriptSourceInputNonExistentImpl@4d157787'
2017-08-26 04:06:36,386 INFO  [org.hibernate.jpa.internal.util.LogHelper] HHH000204: Processing PersistenceUnitInfo [
	name: PedidoPU
	...]
2017-08-26 04:06:36,488 INFO  [org.hibernate.Version] HHH000412: Hibernate Core {5.2.10.Final}
2017-08-26 04:06:36,489 INFO  [org.hibernate.cfg.Environment] HHH000206: hibernate.properties not found
2017-08-26 04:06:36,516 INFO  [org.hibernate.annotations.common.Version] HCANN000001: Hibernate Commons Annotations {5.0.1.Final}
2017-08-26 04:06:36,611 INFO  [org.hibernate.engine.jdbc.connections.internal.ConnectionProviderInitiator] HHH000130: Instantiating explicit connection provider: org.hibernate.connection.C3P0ConnectionProvider
2017-08-26 04:06:36,615 INFO  [org.hibernate.c3p0.internal.C3P0ConnectionProvider] HHH010002: C3P0 using driver: com.mysql.jdbc.Driver at URL: jdbc:mysql://localhost/bdp_pedido
2017-08-26 04:06:36,615 INFO  [org.hibernate.c3p0.internal.C3P0ConnectionProvider] HHH10001001: Connection properties: {user=root, password=****}
2017-08-26 04:06:36,615 INFO  [org.hibernate.c3p0.internal.C3P0ConnectionProvider] HHH10001003: Autocommit mode: false
2017-08-26 04:06:36,696 INFO  [org.hibernate.c3p0.internal.C3P0ConnectionProvider] HHH10001007: JDBC isolation level: <unknown>
2017-08-26 04:06:37,016 INFO  [org.hibernate.dialect.Dialect] HHH000400: Using dialect: org.hibernate.dialect.MySQL5Dialect
2017-08-26 04:06:37,063 INFO  [org.hibernate.engine.jdbc.env.internal.LobCreatorBuilderImpl] HHH000424: Disabling contextual LOB creation as createClob() method threw error : java.lang.reflect.InvocationTargetException
2017-08-26 04:06:37,341 INFO  [org.hibernate.validator.internal.util.Version] HV000001: Hibernate Validator 6.0.2.Final
2017-08-26 04:06:37,565 INFO  [org.hibernate.orm.connections.access] HHH10001501: Connection obtained from JdbcConnectionAccess [org.hibernate.engine.jdbc.env.internal.JdbcEnvironmentInitiator$ConnectionProviderJdbcConnectionAccess@21680803] for (non-JTA) DDL execution was not in auto-commit mode; the Connection 'local transaction' will be committed and the Connection will be set into auto-commit mode.
2017-08-26 04:06:37,585 INFO  [org.hibernate.orm.connections.access] HHH10001501: Connection obtained from JdbcConnectionAccess [org.hibernate.engine.jdbc.env.internal.JdbcEnvironmentInitiator$ConnectionProviderJdbcConnectionAccess@3704122f] for (non-JTA) DDL execution was not in auto-commit mode; the Connection 'local transaction' will be committed and the Connection will be set into auto-commit mode.
2017-08-26 04:06:38,056 INFO  [org.hibernate.tool.schema.internal.SchemaCreatorImpl] HHH000476: Executing import script 'org.hibernate.tool.schema.internal.exec.ScriptSourceInputNonExistentImpl@5a2f016d'
2017-08-26 04:11:43,139 INFO  [org.hibernate.jpa.internal.util.LogHelper] HHH000204: Processing PersistenceUnitInfo [
	name: PedidoPU
	...]
2017-08-26 04:11:43,234 INFO  [org.hibernate.Version] HHH000412: Hibernate Core {5.2.10.Final}
2017-08-26 04:11:43,235 INFO  [org.hibernate.cfg.Environment] HHH000206: hibernate.properties not found
2017-08-26 04:11:43,263 INFO  [org.hibernate.annotations.common.Version] HCANN000001: Hibernate Commons Annotations {5.0.1.Final}
2017-08-26 04:11:43,357 INFO  [org.hibernate.engine.jdbc.connections.internal.ConnectionProviderInitiator] HHH000130: Instantiating explicit connection provider: org.hibernate.connection.C3P0ConnectionProvider
2017-08-26 04:11:43,362 INFO  [org.hibernate.c3p0.internal.C3P0ConnectionProvider] HHH010002: C3P0 using driver: com.mysql.jdbc.Driver at URL: jdbc:mysql://localhost/bdp_pedido
2017-08-26 04:11:43,362 INFO  [org.hibernate.c3p0.internal.C3P0ConnectionProvider] HHH10001001: Connection properties: {user=root, password=****}
2017-08-26 04:11:43,362 INFO  [org.hibernate.c3p0.internal.C3P0ConnectionProvider] HHH10001003: Autocommit mode: false
2017-08-26 04:11:43,463 INFO  [org.hibernate.c3p0.internal.C3P0ConnectionProvider] HHH10001007: JDBC isolation level: <unknown>
2017-08-26 04:11:43,785 INFO  [org.hibernate.dialect.Dialect] HHH000400: Using dialect: org.hibernate.dialect.MySQL5Dialect
2017-08-26 04:11:43,827 INFO  [org.hibernate.engine.jdbc.env.internal.LobCreatorBuilderImpl] HHH000424: Disabling contextual LOB creation as createClob() method threw error : java.lang.reflect.InvocationTargetException
2017-08-26 04:11:44,100 INFO  [org.hibernate.validator.internal.util.Version] HV000001: Hibernate Validator 6.0.2.Final
2017-08-26 04:11:44,332 INFO  [org.hibernate.orm.connections.access] HHH10001501: Connection obtained from JdbcConnectionAccess [org.hibernate.engine.jdbc.env.internal.JdbcEnvironmentInitiator$ConnectionProviderJdbcConnectionAccess@21680803] for (non-JTA) DDL execution was not in auto-commit mode; the Connection 'local transaction' will be committed and the Connection will be set into auto-commit mode.
2017-08-26 04:11:44,356 INFO  [org.hibernate.orm.connections.access] HHH10001501: Connection obtained from JdbcConnectionAccess [org.hibernate.engine.jdbc.env.internal.JdbcEnvironmentInitiator$ConnectionProviderJdbcConnectionAccess@3153ddfc] for (non-JTA) DDL execution was not in auto-commit mode; the Connection 'local transaction' will be committed and the Connection will be set into auto-commit mode.
2017-08-26 04:11:44,903 INFO  [org.hibernate.tool.schema.internal.SchemaCreatorImpl] HHH000476: Executing import script 'org.hibernate.tool.schema.internal.exec.ScriptSourceInputNonExistentImpl@1cefc4b3'
2017-08-26 04:40:31,991 INFO  [org.hibernate.jpa.internal.util.LogHelper] HHH000204: Processing PersistenceUnitInfo [
	name: PedidoPU
	...]
2017-08-26 04:40:32,098 INFO  [org.hibernate.Version] HHH000412: Hibernate Core {5.2.10.Final}
2017-08-26 04:40:32,099 INFO  [org.hibernate.cfg.Environment] HHH000206: hibernate.properties not found
2017-08-26 04:40:32,125 INFO  [org.hibernate.annotations.common.Version] HCANN000001: Hibernate Commons Annotations {5.0.1.Final}
2017-08-26 04:40:32,223 INFO  [org.hibernate.engine.jdbc.connections.internal.ConnectionProviderInitiator] HHH000130: Instantiating explicit connection provider: org.hibernate.connection.C3P0ConnectionProvider
2017-08-26 04:40:32,227 INFO  [org.hibernate.c3p0.internal.C3P0ConnectionProvider] HHH010002: C3P0 using driver: com.mysql.jdbc.Driver at URL: jdbc:mysql://localhost/bdp_pedido
2017-08-26 04:40:32,227 INFO  [org.hibernate.c3p0.internal.C3P0ConnectionProvider] HHH10001001: Connection properties: {user=root, password=****}
2017-08-26 04:40:32,227 INFO  [org.hibernate.c3p0.internal.C3P0ConnectionProvider] HHH10001003: Autocommit mode: false
2017-08-26 04:40:32,313 INFO  [org.hibernate.c3p0.internal.C3P0ConnectionProvider] HHH10001007: JDBC isolation level: <unknown>
2017-08-26 04:40:32,617 INFO  [org.hibernate.dialect.Dialect] HHH000400: Using dialect: org.hibernate.dialect.MySQL5Dialect
2017-08-26 04:40:32,662 INFO  [org.hibernate.engine.jdbc.env.internal.LobCreatorBuilderImpl] HHH000424: Disabling contextual LOB creation as createClob() method threw error : java.lang.reflect.InvocationTargetException
2017-08-26 04:45:03,352 INFO  [org.hibernate.jpa.internal.util.LogHelper] HHH000204: Processing PersistenceUnitInfo [
	name: PedidoPU
	...]
2017-08-26 04:45:03,449 INFO  [org.hibernate.Version] HHH000412: Hibernate Core {5.2.10.Final}
2017-08-26 04:45:03,449 INFO  [org.hibernate.cfg.Environment] HHH000206: hibernate.properties not found
2017-08-26 04:45:03,476 INFO  [org.hibernate.annotations.common.Version] HCANN000001: Hibernate Commons Annotations {5.0.1.Final}
2017-08-26 04:45:03,580 INFO  [org.hibernate.engine.jdbc.connections.internal.ConnectionProviderInitiator] HHH000130: Instantiating explicit connection provider: org.hibernate.connection.C3P0ConnectionProvider
2017-08-26 04:45:03,584 INFO  [org.hibernate.c3p0.internal.C3P0ConnectionProvider] HHH010002: C3P0 using driver: com.mysql.jdbc.Driver at URL: jdbc:mysql://localhost/bdp_pedido
2017-08-26 04:45:03,584 INFO  [org.hibernate.c3p0.internal.C3P0ConnectionProvider] HHH10001001: Connection properties: {user=root, password=****}
2017-08-26 04:45:03,584 INFO  [org.hibernate.c3p0.internal.C3P0ConnectionProvider] HHH10001003: Autocommit mode: false
2017-08-26 04:45:03,678 INFO  [org.hibernate.c3p0.internal.C3P0ConnectionProvider] HHH10001007: JDBC isolation level: <unknown>
2017-08-26 04:45:03,990 INFO  [org.hibernate.dialect.Dialect] HHH000400: Using dialect: org.hibernate.dialect.MySQL5Dialect
2017-08-26 04:45:04,033 INFO  [org.hibernate.engine.jdbc.env.internal.LobCreatorBuilderImpl] HHH000424: Disabling contextual LOB creation as createClob() method threw error : java.lang.reflect.InvocationTargetException
2017-08-26 04:45:04,303 INFO  [org.hibernate.validator.internal.util.Version] HV000001: Hibernate Validator 6.0.2.Final
2017-08-26 04:45:04,565 INFO  [org.hibernate.orm.connections.access] HHH10001501: Connection obtained from JdbcConnectionAccess [org.hibernate.engine.jdbc.env.internal.JdbcEnvironmentInitiator$ConnectionProviderJdbcConnectionAccess@2fa7ae9] for (non-JTA) DDL execution was not in auto-commit mode; the Connection 'local transaction' will be committed and the Connection will be set into auto-commit mode.
2017-08-26 04:45:04,593 INFO  [org.hibernate.orm.connections.access] HHH10001501: Connection obtained from JdbcConnectionAccess [org.hibernate.engine.jdbc.env.internal.JdbcEnvironmentInitiator$ConnectionProviderJdbcConnectionAccess@7561db12] for (non-JTA) DDL execution was not in auto-commit mode; the Connection 'local transaction' will be committed and the Connection will be set into auto-commit mode.
2017-08-26 04:45:05,550 INFO  [org.hibernate.tool.schema.internal.SchemaCreatorImpl] HHH000476: Executing import script 'org.hibernate.tool.schema.internal.exec.ScriptSourceInputNonExistentImpl@5b69fd74'
